<?xml version="1.0" encoding="UTF-8"?>
<!-- Generated by org.testng.reporters.JUnitXMLReporter -->
<testsuite ignored="0" hostname="Saifuls-MacBook-Pro.local" failures="0" tests="1" name="Banking Test" time="0.055" errors="0" timestamp="2022-10-09T23:53:18 EDT">
  <testcase classname="com.qa.pages.BaseClass" name="@BeforeTest setUp" time="0.005">
    <failure type="java.lang.Error" message="Unresolved compilation problem: 
	BrowserFactory cannot be resolved
">
      <![CDATA[java.lang.Error: Unresolved compilation problem: 
BrowserFactory cannot be resolved

at com.qa.pages.BaseClass.setUp(BaseClass.java:20)
... Removed 24 stack frames]]>
    </failure>
  </testcase> <!-- @BeforeTest setUp -->
  <testcase classname="com.qa.pages.BaseClass" name="@BeforeMethod setUp" time="-1.665373993548E9">
    <skipped/>
  </testcase> <!-- @BeforeMethod setUp -->
  <testcase classname="com.qa.pages.BaseClass" name="@AfterMethod tearDown" time="-1.66537399356E9">
    <skipped/>
  </testcase> <!-- @AfterMethod tearDown -->
  <testcase classname="com.qa.pages.BaseClass" name="@AfterTest tearDown" time="-1.665373993565E9">
    <skipped/>
  </testcase> <!-- @AfterTest tearDown -->
  <testcase classname="com.qa.testCases.TestBanking" name="openBankSite" time="0.0">
    <skipped/>
  </testcase> <!-- openBankSite -->
</testsuite> <!-- Banking Test -->
